Determining if the pthread_create exist failed with the following output:
Change Dir: /home/hitech/Downloads/connected_robotics_assignment/sign_detector/build/CMakeFiles/CMakeTmp

Run Build Command:"/usr/bin/make" "cmTC_3e1a1/fast"
/usr/bin/make -f CMakeFiles/cmTC_3e1a1.dir/build.make CMakeFiles/cmTC_3e1a1.dir/build
make[1]: Entering directory '/home/hitech/Downloads/connected_robotics_assignment/sign_detector/build/CMakeFiles/CMakeTmp'
Building C object CMakeFiles/cmTC_3e1a1.dir/CheckSymbolExists.c.o
/usr/bin/cc     -o CMakeFiles/cmTC_3e1a1.dir/CheckSymbolExists.c.o   -c /home/hitech/Downloads/connected_robotics_assignment/sign_detector/build/CMakeFiles/CMakeTmp/CheckSymbolExists.c
Linking C executable cmTC_3e1a1
/usr/bin/cmake -E cmake_link_script CMakeFiles/cmTC_3e1a1.dir/link.txt --verbose=1
/usr/bin/cc       CMakeFiles/cmTC_3e1a1.dir/CheckSymbolExists.c.o  -o cmTC_3e1a1 -rdynamic 
CMakeFiles/cmTC_3e1a1.dir/CheckSymbolExists.c.o: In function `main':
CheckSymbolExists.c:(.text+0x16): undefined reference to `pthread_create'
collect2: error: ld returned 1 exit status
CMakeFiles/cmTC_3e1a1.dir/build.make:97: recipe for target 'cmTC_3e1a1' failed
make[1]: *** [cmTC_3e1a1] Error 1
make[1]: Leaving directory '/home/hitech/Downloads/connected_robotics_assignment/sign_detector/build/CMakeFiles/CMakeTmp'
Makefile:126: recipe for target 'cmTC_3e1a1/fast' failed
make: *** [cmTC_3e1a1/fast] Error 2

File /home/hitech/Downloads/connected_robotics_assignment/sign_detector/build/CMakeFiles/CMakeTmp/CheckSymbolExists.c:
/* */
#include <pthread.h>

int main(int argc, char** argv)
{
  (void)argv;
#ifndef pthread_create
  return ((int*)(&pthread_create))[argc];
#else
  (void)argc;
  return 0;
#endif
}

Determining if the function pthread_create exists in the pthreads failed with the following output:
Change Dir: /home/hitech/Downloads/connected_robotics_assignment/sign_detector/build/CMakeFiles/CMakeTmp

Run Build Command:"/usr/bin/make" "cmTC_fc57f/fast"
/usr/bin/make -f CMakeFiles/cmTC_fc57f.dir/build.make CMakeFiles/cmTC_fc57f.dir/build
make[1]: Entering directory '/home/hitech/Downloads/connected_robotics_assignment/sign_detector/build/CMakeFiles/CMakeTmp'
Building C object CMakeFiles/cmTC_fc57f.dir/CheckFunctionExists.c.o
/usr/bin/cc    -DCHECK_FUNCTION_EXISTS=pthread_create   -o CMakeFiles/cmTC_fc57f.dir/CheckFunctionExists.c.o   -c /usr/share/cmake-3.5/Modules/CheckFunctionExists.c
Linking C executable cmTC_fc57f
/usr/bin/cmake -E cmake_link_script CMakeFiles/cmTC_fc57f.dir/link.txt --verbose=1
/usr/bin/cc   -DCHECK_FUNCTION_EXISTS=pthread_create    CMakeFiles/cmTC_fc57f.dir/CheckFunctionExists.c.o  -o cmTC_fc57f -rdynamic -lpthreads 
/usr/bin/ld: cannot find -lpthreads
collect2: error: ld returned 1 exit status
CMakeFiles/cmTC_fc57f.dir/build.make:97: recipe for target 'cmTC_fc57f' failed
make[1]: *** [cmTC_fc57f] Error 1
make[1]: Leaving directory '/home/hitech/Downloads/connected_robotics_assignment/sign_detector/build/CMakeFiles/CMakeTmp'
Makefile:126: recipe for target 'cmTC_fc57f/fast' failed
make: *** [cmTC_fc57f/fast] Error 2


Determining if the function sgesv exists failed with the following output:
Change Dir: /home/hitech/Downloads/connected_robotics_assignment/sign_detector/build/CMakeFiles/CMakeTmp

Run Build Command:"/usr/bin/make" "cmTC_f2feb/fast"
/usr/bin/make -f CMakeFiles/cmTC_f2feb.dir/build.make CMakeFiles/cmTC_f2feb.dir/build
make[1]: Entering directory '/home/hitech/Downloads/connected_robotics_assignment/sign_detector/build/CMakeFiles/CMakeTmp'
Building C object CMakeFiles/cmTC_f2feb.dir/CheckFunctionExists.c.o
/usr/bin/cc    -DCHECK_FUNCTION_EXISTS=sgesv   -o CMakeFiles/cmTC_f2feb.dir/CheckFunctionExists.c.o   -c /usr/share/cmake-3.5/Modules/CheckFunctionExists.c
Linking C executable cmTC_f2feb
/usr/bin/cmake -E cmake_link_script CMakeFiles/cmTC_f2feb.dir/link.txt --verbose=1
/usr/bin/cc   -DCHECK_FUNCTION_EXISTS=sgesv    CMakeFiles/cmTC_f2feb.dir/CheckFunctionExists.c.o  -o cmTC_f2feb -rdynamic 
CMakeFiles/cmTC_f2feb.dir/CheckFunctionExists.c.o: In function `main':
CheckFunctionExists.c:(.text+0x15): undefined reference to `sgesv'
collect2: error: ld returned 1 exit status
CMakeFiles/cmTC_f2feb.dir/build.make:97: recipe for target 'cmTC_f2feb' failed
make[1]: *** [cmTC_f2feb] Error 1
make[1]: Leaving directory '/home/hitech/Downloads/connected_robotics_assignment/sign_detector/build/CMakeFiles/CMakeTmp'
Makefile:126: recipe for target 'cmTC_f2feb/fast' failed
make: *** [cmTC_f2feb/fast] Error 2


Determining if the function sgesv_ exists failed with the following output:
Change Dir: /home/hitech/Downloads/connected_robotics_assignment/sign_detector/build/CMakeFiles/CMakeTmp

Run Build Command:"/usr/bin/make" "cmTC_778c5/fast"
/usr/bin/make -f CMakeFiles/cmTC_778c5.dir/build.make CMakeFiles/cmTC_778c5.dir/build
make[1]: Entering directory '/home/hitech/Downloads/connected_robotics_assignment/sign_detector/build/CMakeFiles/CMakeTmp'
Building C object CMakeFiles/cmTC_778c5.dir/CheckFunctionExists.c.o
/usr/bin/cc    -DCHECK_FUNCTION_EXISTS=sgesv_   -o CMakeFiles/cmTC_778c5.dir/CheckFunctionExists.c.o   -c /usr/share/cmake-3.5/Modules/CheckFunctionExists.c
Linking C executable cmTC_778c5
/usr/bin/cmake -E cmake_link_script CMakeFiles/cmTC_778c5.dir/link.txt --verbose=1
/usr/bin/cc   -DCHECK_FUNCTION_EXISTS=sgesv_    CMakeFiles/cmTC_778c5.dir/CheckFunctionExists.c.o  -o cmTC_778c5 -rdynamic 
CMakeFiles/cmTC_778c5.dir/CheckFunctionExists.c.o: In function `main':
CheckFunctionExists.c:(.text+0x15): undefined reference to `sgesv_'
collect2: error: ld returned 1 exit status
CMakeFiles/cmTC_778c5.dir/build.make:97: recipe for target 'cmTC_778c5' failed
make[1]: *** [cmTC_778c5] Error 1
make[1]: Leaving directory '/home/hitech/Downloads/connected_robotics_assignment/sign_detector/build/CMakeFiles/CMakeTmp'
Makefile:126: recipe for target 'cmTC_778c5/fast' failed
make: *** [cmTC_778c5/fast] Error 2


